生成启动时间为 火 2019 02 12 午前 2:53:18。
     1>项目“C:\Users\Windows 10\Desktop\SiglusEngine_pck2Script\SiglusEngine_pck2Script\script2ss\script2ss.vcxproj”在节点 4 上(build 个目标)。
     1>InitializeBuildStatus:
         正在创建“Debug\script2ss.unsuccessfulbuild”，因为已指定“AlwaysCreate”。
       ClCompile:
         E:\Program Files (x86)\Microsoft Visual Studio 10.0\VC\bin\CL.exe /c /ZI /nologo /W3 /WX- /Od /Oy- /D WIN32 /D _DEBUG /D _CONSOLE /D _UNICODE /D UNICODE /Gm /EHsc /RTC1 /MDd /GS /fp:precise /Zc:wchar_t /Zc:forScope /Fo"Debug\\" /Fd"Debug\vc100.pdb" /Gd /TP /analyze- /errorReport:prompt main.cpp
         main.cpp
     1>c:\users\windows 10\desktop\siglusengine_pck2script\siglusengine_pck2script\script2ss\main.cpp(81): warning C4996: 'fopen': This function or variable may be unsafe. Consider using fopen_s instead. To disable deprecation, use _CRT_SECURE_NO_WARNINGS. See online help for details.
                 e:\program files (x86)\microsoft visual studio 10.0\vc\include\stdio.h(234) : 参见“fopen”的声明
     1>c:\users\windows 10\desktop\siglusengine_pck2script\siglusengine_pck2script\script2ss\main.cpp(82): warning C4996: 'fopen': This function or variable may be unsafe. Consider using fopen_s instead. To disable deprecation, use _CRT_SECURE_NO_WARNINGS. See online help for details.
                 e:\program files (x86)\microsoft visual studio 10.0\vc\include\stdio.h(234) : 参见“fopen”的声明
     1>c:\users\windows 10\desktop\siglusengine_pck2script\siglusengine_pck2script\script2ss\main.cpp(144): warning C4018: “<”: 有符号/无符号不匹配
     1>c:\users\windows 10\desktop\siglusengine_pck2script\siglusengine_pck2script\script2ss\main.cpp(146): warning C4996: 'wcscpy': This function or variable may be unsafe. Consider using wcscpy_s instead. To disable deprecation, use _CRT_SECURE_NO_WARNINGS. See online help for details.
                 e:\program files (x86)\microsoft visual studio 10.0\vc\include\string.h(283) : 参见“wcscpy”的声明
     1>c:\users\windows 10\desktop\siglusengine_pck2script\siglusengine_pck2script\script2ss\main.cpp(160): warning C4996: 'wcscpy': This function or variable may be unsafe. Consider using wcscpy_s instead. To disable deprecation, use _CRT_SECURE_NO_WARNINGS. See online help for details.
                 e:\program files (x86)\microsoft visual studio 10.0\vc\include\string.h(283) : 参见“wcscpy”的声明
     1>c:\users\windows 10\desktop\siglusengine_pck2script\siglusengine_pck2script\script2ss\main.cpp(162): warning C4996: 'wcscpy': This function or variable may be unsafe. Consider using wcscpy_s instead. To disable deprecation, use _CRT_SECURE_NO_WARNINGS. See online help for details.
                 e:\program files (x86)\microsoft visual studio 10.0\vc\include\string.h(283) : 参见“wcscpy”的声明
     1>c:\users\windows 10\desktop\siglusengine_pck2script\siglusengine_pck2script\script2ss\main.cpp(178): warning C4996: 'sprintf': This function or variable may be unsafe. Consider using sprintf_s instead. To disable deprecation, use _CRT_SECURE_NO_WARNINGS. See online help for details.
                 e:\program files (x86)\microsoft visual studio 10.0\vc\include\stdio.h(371) : 参见“sprintf”的声明
     1>c:\users\windows 10\desktop\siglusengine_pck2script\siglusengine_pck2script\script2ss\main.cpp(179): warning C4996: 'fopen': This function or variable may be unsafe. Consider using fopen_s instead. To disable deprecation, use _CRT_SECURE_NO_WARNINGS. See online help for details.
                 e:\program files (x86)\microsoft visual studio 10.0\vc\include\stdio.h(234) : 参见“fopen”的声明
       ManifestResourceCompile:
         C:\Program Files (x86)\Microsoft SDKs\Windows\v7.0A\bin\rc.exe /nologo /fo"Debug\script2ss.exe.embed.manifest.res" Debug\script2ss_manifest.rc 
       Link:
         E:\Program Files (x86)\Microsoft Visual Studio 10.0\VC\bin\link.exe /ERRORREPORT:PROMPT /OUT:"C:\Users\Windows 10\Desktop\SiglusEngine_pck2Script\SiglusEngine_pck2Script\Debug\script2ss.exe" /INCREMENTAL /NOLOGO kernel32.lib user32.lib gdi32.lib winspool.lib comdlg32.lib advapi32.lib shell32.lib ole32.lib oleaut32.lib uuid.lib odbc32.lib odbccp32.lib /MANIFEST /ManifestFile:"Debug\script2ss.exe.intermediate.manifest" /MANIFESTUAC:"level='asInvoker' uiAccess='false'" /DEBUG /PDB:"C:\Users\Windows 10\Desktop\SiglusEngine_pck2Script\SiglusEngine_pck2Script\Debug\script2ss.pdb" /SUBSYSTEM:CONSOLE /TLBID:1 /DYNAMICBASE /NXCOMPAT /IMPLIB:"C:\Users\Windows 10\Desktop\SiglusEngine_pck2Script\SiglusEngine_pck2Script\Debug\script2ss.lib" /MACHINE:X86 Debug\script2ss.exe.embed.manifest.res
         Debug\main.obj
       Manifest:
         C:\Program Files (x86)\Microsoft SDKs\Windows\v7.0A\bin\mt.exe /nologo /verbose /out:"Debug\script2ss.exe.embed.manifest" /manifest Debug\script2ss.exe.intermediate.manifest
         所有输出均为最新。
       LinkEmbedManifest:
         所有输出均为最新。
         script2ss.vcxproj -> C:\Users\Windows 10\Desktop\SiglusEngine_pck2Script\SiglusEngine_pck2Script\Debug\script2ss.exe
       FinalizeBuildStatus:
         正在删除文件“Debug\script2ss.unsuccessfulbuild”。
         正在对“Debug\script2ss.lastbuildstate”执行 Touch 任务。
     1>已完成生成项目“C:\Users\Windows 10\Desktop\SiglusEngine_pck2Script\SiglusEngine_pck2Script\script2ss\script2ss.vcxproj”(build 个目标)的操作。

生成成功。

已用时间 00:00:01.38
